<?xml version="1.0" encoding="UTF-8"?>
<!-- Generated by org.testng.reporters.JUnitXMLReporter -->
<testsuite hostname="DESKTOP-G7PJL0M" ignored="2" name="Test" tests="6" failures="0" timestamp="14 Aug 2020 11:35:07 GMT" time="304.676" errors="0">
  <testcase name="verifyUsername" time="3.616" classname="com.qa.TestCases.HomeTest"/>
  <testcase name="verifyLoginTest" time="0.871" classname="com.qa.TestCases.LoginTest"/>
  <testcase name="verifyPageTitle" time="0.42" classname="com.qa.TestCases.LoginTest"/>
  <testcase name="verifyinvalidLoginLogout" time="3.613" classname="com.qa.TestCases.LoginTest"/>
  <testcase name="verifyForgotPass" time="13.875" classname="com.qa.TestCases.LoginTest"/>
  <testcase name="verifyThatGoto" time="31.219" classname="com.qa.TestCases.LoginTest"/>
  <testcase name="@BeforeTest startExtendReport" time="0.0" classname="com.qa.TestCases.BaseTest">
    <ignored/>
  </testcase> <!-- @BeforeTest startExtendReport -->
  <testcase name="@AfterTest flushReport" time="0.0" classname="com.qa.TestCases.BaseTest">
    <ignored/>
  </testcase> <!-- @AfterTest flushReport -->
</testsuite> <!-- Test -->
