<?xml version="1.0" encoding="UTF-8"?>
<!-- Generated by org.testng.reporters.JUnitXMLReporter -->
<testsuite hostname="DESKTOP-G7PJL0M" ignored="2" name="Test" tests="6" failures="0" timestamp="09 Aug 2020 04:40:24 GMT" time="207.03" errors="0">
  <testcase name="verifyUsername" time="2.206" classname="com.qa.TestCases.HomeTest"/>
  <testcase name="verifyLoginTest" time="0.554" classname="com.qa.TestCases.LoginTest"/>
  <testcase name="verifyPageTitle" time="0.169" classname="com.qa.TestCases.LoginTest"/>
  <testcase name="verifyinvalidLoginLogout" time="1.903" classname="com.qa.TestCases.LoginTest"/>
  <testcase name="verifyForgotPass" time="17.692" classname="com.qa.TestCases.LoginTest"/>
  <testcase name="verifyThatGoto" time="34.841" classname="com.qa.TestCases.LoginTest"/>
  <testcase name="@BeforeTest startExtendReport" time="0.0" classname="com.qa.TestCases.BaseTest">
    <ignored/>
  </testcase> <!-- @BeforeTest startExtendReport -->
  <testcase name="@AfterTest flushReport" time="0.0" classname="com.qa.TestCases.BaseTest">
    <ignored/>
  </testcase> <!-- @AfterTest flushReport -->
</testsuite> <!-- Test -->
