<?xml version="1.0" encoding="UTF-8"?>
<testng-results skipped="0" failed="0" ignored="0" total="1" passed="1">
  <reporter-output>
  </reporter-output>
  <suite name="Suite" duration-ms="32669" started-at="2020-08-16T10:01:29Z" finished-at="2020-08-16T10:02:01Z">
    <groups>
    </groups>
    <test name="Test" duration-ms="32669" started-at="2020-08-16T10:01:29Z" finished-at="2020-08-16T10:02:01Z">
      <class name="com.qa.TestCases.HomeTest">
        <test-method status="PASS" signature="startExtendReport()[pri:0, instance:com.qa.TestCases.HomeTest@520a3426]" name="startExtendReport" is-config="true" duration-ms="1648" started-at="2020-08-16T10:01:29Z" finished-at="2020-08-16T10:01:30Z">
          <reporter-output>
          </reporter-output>
        </test-method> <!-- startExtendReport -->
        <test-method status="PASS" signature="setup(java.lang.reflect.Method, java.lang.String)[pri:0, instance:com.qa.TestCases.HomeTest@520a3426]" name="setup" is-config="true" duration-ms="26740" started-at="2020-08-16T10:01:30Z" finished-at="2020-08-16T10:01:57Z">
          <params>
            <param index="0">
              <value>
                <![CDATA[public void com.qa.TestCases.HomeTest.verifyUsername() throws java.lang.InterruptedException]]>
              </value>
            </param>
            <param index="1">
              <value>
                <![CDATA[Chrome]]>
              </value>
            </param>
          </params>
          <reporter-output>
          </reporter-output>
        </test-method> <!-- setup -->
        <test-method status="PASS" signature="verifyUsername()[pri:0, instance:com.qa.TestCases.HomeTest@520a3426]" name="verifyUsername" duration-ms="2333" started-at="2020-08-16T10:01:57Z" finished-at="2020-08-16T10:01:59Z">
          <reporter-output>
          </reporter-output>
        </test-method> <!-- verifyUsername -->
        <test-method status="PASS" signature="getResult(org.testng.ITestResult)[pri:0, instance:com.qa.TestCases.HomeTest@520a3426]" name="getResult" is-config="true" duration-ms="873" started-at="2020-08-16T10:01:59Z" finished-at="2020-08-16T10:02:00Z">
          <params>
            <param index="0">
              <value>
                <![CDATA[[TestResult name=verifyUsername status=SUCCESS method=HomeTest.verifyUsername()[pri:0, instance:com.qa.TestCases.HomeTest@520a3426] output={null}]]]>
              </value>
            </param>
          </params>
          <reporter-output>
          </reporter-output>
        </test-method> <!-- getResult -->
        <test-method status="PASS" signature="flushReport()[pri:0, instance:com.qa.TestCases.HomeTest@520a3426]" name="flushReport" is-config="true" duration-ms="873" started-at="2020-08-16T10:02:00Z" finished-at="2020-08-16T10:02:01Z">
          <reporter-output>
          </reporter-output>
        </test-method> <!-- flushReport -->
      </class> <!-- com.qa.TestCases.HomeTest -->
    </test> <!-- Test -->
  </suite> <!-- Suite -->
</testng-results>
